<?xml version="1.0" encoding="UTF-8"?>
<!-- Generated by org.testng.reporters.JUnitReportReporter -->
<testsuite skipped="0" hostname="Sahils-MBP.cable.rcn.com" name="com.osa.runner.RunWithTestNG" tests="1" failures="0" timestamp="24 Sep 2020 23:54:28 GMT" time="15.779" errors="0">
  <testcase name="feature" time="15.779" classname="com.osa.runner.RunWithTestNG"/>
</testsuite> <!-- com.osa.runner.RunWithTestNG -->
